===== 2026-01-11 17:56:39 START =====
>>> 开始构建竞赛数据与详情页...
正在处理: 中国研究生智慧城市技术与创意设计大赛...
正在处理: 中国研究生未来飞行器创新大赛...
正在处理: 中国研究生数学建模竞赛...
正在处理: 中国研究生电子设计竞赛...
正在处理: 中国研究生创“芯”大赛...
正在处理: 中国研究生人工智能创新大赛...
正在处理: 中国研究生机器人创新设计大赛...
正在处理: 中国研究生能源装备创新设计大赛...
正在处理: 中国研究生公共管理案例大赛...
正在处理: 中国研究生乡村振兴科技强农+创新大赛...
正在处理: 中国研究生网络安全创新大赛...
正在处理: 中国研究生“双碳”创新与创意大赛...
正在处理: 中国研究生金融科技创新大赛...
正在处理: 中国研究生“美丽中国”创新设计大赛...
正在处理: 中国研究生工商管理案例大赛...
正在处理: 中国研究生企业管理创新大赛...
正在处理: 中国研究生操作系统开源创新大赛...
正在处理: “挑战杯”中国大学生创业计划竞赛...
正在处理: 蓝桥杯全国软件和信息技术专业人才大赛...
正在处理: 全国大学生机器人大赛 (RoboMaster)...
正在处理: “西门子杯”中国智能制造挑战赛...
正在处理: “大唐杯”全国大学生新一代信息通信技术大赛...
正在处理: 华为 ICT 大赛...
正在处理: 全国大学生嵌入式芯片与系统设计竞赛...
正在处理: 全国大学生信息技术应用大赛...
正在处理: MathorCup 高校数学建模挑战赛...
正在处理: “毕昇杯”全国大学生数学建模挑战赛...
正在处理: ACM-ICPC 国际大学生程序设计竞赛...
  -> 已成功生成详情页
正在处理: 全国大学生数学建模竞赛...
正在处理: 全国大学生电子设计竞赛...
正在处理: 全国大学生智能汽车竞赛...
正在处理: 中国大学生工程实践与创新能力大赛...
正在处理: 中国大学生计算机设计大赛...
正在处理: 中国高校计算机大赛...
正在处理: 全国大学生光电设计竞赛...
正在处理: 全国大学生集成电路创新创业大赛...
正在处理: 全国大学生信息安全竞赛...
正在处理: “中国软件杯”大学生软件设计大赛...
正在处理: 中美青年创客大赛...
正在处理: 睿抗机器人开发者大赛 (RAICOM)...
正在处理: “学创杯”全国大学生创业综合模拟大赛...
正在处理: 中国高校智能机器人创意大赛...
正在处理: 中国机器人及人工智能大赛...
正在处理: 全国大学生节能减排社会实践与科技竞赛...
正在处理: 全国大学生计算机系统能力大赛...
正在处理: 全国大学生物联网设计竞赛...
正在处理: 全国大学生信息安全与对抗技术竞赛...
正在处理: 全国大学生统计建模大赛...
正在处理: 全球校园人工智能算法精英大赛...
正在处理: 国际大学生智能农业装备创新大赛...
>>> 所有任务构建完成！
[main 983bd5a] auto: update 2026-01-11 17:56:40
 1 file changed, 51 insertions(+), 51 deletions(-)
remote: To git@github.com:NOBODY928/contest-pages-test.git
   936fb1c..983bd5a  main -> main
[OK] pushed
===== 2026-01-11 17:56:44 END =====
===== 2026-01-11 18:17:01 START =====
>>> 开始构建竞赛数据与详情页...
正在处理: 中国研究生智慧城市技术与创意设计大赛...
正在处理: 中国研究生未来飞行器创新大赛...
正在处理: 中国研究生数学建模竞赛...
正在处理: 中国研究生电子设计竞赛...
正在处理: 中国研究生创“芯”大赛...
正在处理: 中国研究生人工智能创新大赛...
正在处理: 中国研究生机器人创新设计大赛...
正在处理: 中国研究生能源装备创新设计大赛...
正在处理: 中国研究生公共管理案例大赛...
正在处理: 中国研究生乡村振兴科技强农+创新大赛...
正在处理: 中国研究生网络安全创新大赛...
正在处理: 中国研究生“双碳”创新与创意大赛...
正在处理: 中国研究生金融科技创新大赛...
正在处理: 中国研究生“美丽中国”创新设计大赛...
正在处理: 中国研究生工商管理案例大赛...
正在处理: 中国研究生企业管理创新大赛...
正在处理: 中国研究生操作系统开源创新大赛...
正在处理: “挑战杯”中国大学生创业计划竞赛...
正在处理: 蓝桥杯全国软件和信息技术专业人才大赛...
正在处理: 全国大学生机器人大赛 (RoboMaster)...
正在处理: “西门子杯”中国智能制造挑战赛...
正在处理: “大唐杯”全国大学生新一代信息通信技术大赛...
正在处理: 华为 ICT 大赛...
正在处理: 全国大学生嵌入式芯片与系统设计竞赛...
正在处理: 全国大学生信息技术应用大赛...
正在处理: MathorCup 高校数学建模挑战赛...
正在处理: “毕昇杯”全国大学生数学建模挑战赛...
正在处理: ACM-ICPC 国际大学生程序设计竞赛...
  -> 已成功生成详情页
正在处理: 全国大学生数学建模竞赛...
正在处理: 全国大学生电子设计竞赛...
正在处理: 全国大学生智能汽车竞赛...
正在处理: 中国大学生工程实践与创新能力大赛...
正在处理: 中国大学生计算机设计大赛...
正在处理: 中国高校计算机大赛...
正在处理: 全国大学生光电设计竞赛...
正在处理: 全国大学生集成电路创新创业大赛...
正在处理: 全国大学生信息安全竞赛...
正在处理: “中国软件杯”大学生软件设计大赛...
正在处理: 中美青年创客大赛...
正在处理: 睿抗机器人开发者大赛 (RAICOM)...
正在处理: “学创杯”全国大学生创业综合模拟大赛...
正在处理: 中国高校智能机器人创意大赛...
正在处理: 中国机器人及人工智能大赛...
正在处理: 全国大学生节能减排社会实践与科技竞赛...
正在处理: 全国大学生计算机系统能力大赛...
正在处理: 全国大学生物联网设计竞赛...
正在处理: 全国大学生信息安全与对抗技术竞赛...
正在处理: 全国大学生统计建模大赛...
正在处理: 全球校园人工智能算法精英大赛...
正在处理: 国际大学生智能农业装备创新大赛...
>>> 所有任务构建完成！
[main 4ec3207] auto: update 2026-01-11 18:17:02
 1 file changed, 51 insertions(+), 51 deletions(-)
remote: To git@github.com:NOBODY928/contest-pages-test.git
   983bd5a..4ec3207  main -> main
[OK] pushed
===== 2026-01-11 18:17:06 END =====
===== 2026-01-11 18:18:01 START =====
>>> 开始构建竞赛数据与详情页...
正在处理: 中国研究生智慧城市技术与创意设计大赛...
正在处理: 中国研究生未来飞行器创新大赛...
正在处理: 中国研究生数学建模竞赛...
正在处理: 中国研究生电子设计竞赛...
正在处理: 中国研究生创“芯”大赛...
正在处理: 中国研究生人工智能创新大赛...
正在处理: 中国研究生机器人创新设计大赛...
正在处理: 中国研究生能源装备创新设计大赛...
正在处理: 中国研究生公共管理案例大赛...
正在处理: 中国研究生乡村振兴科技强农+创新大赛...
正在处理: 中国研究生网络安全创新大赛...
正在处理: 中国研究生“双碳”创新与创意大赛...
正在处理: 中国研究生金融科技创新大赛...
正在处理: 中国研究生“美丽中国”创新设计大赛...
正在处理: 中国研究生工商管理案例大赛...
正在处理: 中国研究生企业管理创新大赛...
正在处理: 中国研究生操作系统开源创新大赛...
正在处理: “挑战杯”中国大学生创业计划竞赛...
正在处理: 蓝桥杯全国软件和信息技术专业人才大赛...
正在处理: 全国大学生机器人大赛 (RoboMaster)...
正在处理: “西门子杯”中国智能制造挑战赛...
正在处理: “大唐杯”全国大学生新一代信息通信技术大赛...
正在处理: 华为 ICT 大赛...
正在处理: 全国大学生嵌入式芯片与系统设计竞赛...
正在处理: 全国大学生信息技术应用大赛...
正在处理: MathorCup 高校数学建模挑战赛...
正在处理: “毕昇杯”全国大学生数学建模挑战赛...
正在处理: ACM-ICPC 国际大学生程序设计竞赛...
  -> 已成功生成详情页
正在处理: 全国大学生数学建模竞赛...
正在处理: 全国大学生电子设计竞赛...
正在处理: 全国大学生智能汽车竞赛...
正在处理: 中国大学生工程实践与创新能力大赛...
正在处理: 中国大学生计算机设计大赛...
正在处理: 中国高校计算机大赛...
正在处理: 全国大学生光电设计竞赛...
正在处理: 全国大学生集成电路创新创业大赛...
正在处理: 全国大学生信息安全竞赛...
正在处理: “中国软件杯”大学生软件设计大赛...
正在处理: 中美青年创客大赛...
正在处理: 睿抗机器人开发者大赛 (RAICOM)...
正在处理: “学创杯”全国大学生创业综合模拟大赛...
正在处理: 中国高校智能机器人创意大赛...
正在处理: 中国机器人及人工智能大赛...
正在处理: 全国大学生节能减排社会实践与科技竞赛...
正在处理: 全国大学生计算机系统能力大赛...
正在处理: 全国大学生物联网设计竞赛...
正在处理: 全国大学生信息安全与对抗技术竞赛...
正在处理: 全国大学生统计建模大赛...
正在处理: 全球校园人工智能算法精英大赛...
正在处理: 国际大学生智能农业装备创新大赛...
>>> 所有任务构建完成！
[main a92e35b] auto: update 2026-01-11 18:18:02
 1 file changed, 51 insertions(+), 51 deletions(-)
remote: To git@github.com:NOBODY928/contest-pages-test.git
   4ec3207..a92e35b  main -> main
[OK] pushed
===== 2026-01-11 18:18:05 END =====
===== 2026-01-11 18:19:01 START =====
>>> 开始构建竞赛数据与详情页...
正在处理: 中国研究生智慧城市技术与创意设计大赛...
正在处理: 中国研究生未来飞行器创新大赛...
正在处理: 中国研究生数学建模竞赛...
正在处理: 中国研究生电子设计竞赛...
正在处理: 中国研究生创“芯”大赛...
正在处理: 中国研究生人工智能创新大赛...
正在处理: 中国研究生机器人创新设计大赛...
正在处理: 中国研究生能源装备创新设计大赛...
正在处理: 中国研究生公共管理案例大赛...
正在处理: 中国研究生乡村振兴科技强农+创新大赛...
正在处理: 中国研究生网络安全创新大赛...
正在处理: 中国研究生“双碳”创新与创意大赛...
正在处理: 中国研究生金融科技创新大赛...
正在处理: 中国研究生“美丽中国”创新设计大赛...
正在处理: 中国研究生工商管理案例大赛...
正在处理: 中国研究生企业管理创新大赛...
正在处理: 中国研究生操作系统开源创新大赛...
正在处理: “挑战杯”中国大学生创业计划竞赛...
正在处理: 蓝桥杯全国软件和信息技术专业人才大赛...
正在处理: 全国大学生机器人大赛 (RoboMaster)...
正在处理: “西门子杯”中国智能制造挑战赛...
正在处理: “大唐杯”全国大学生新一代信息通信技术大赛...
正在处理: 华为 ICT 大赛...
正在处理: 全国大学生嵌入式芯片与系统设计竞赛...
正在处理: 全国大学生信息技术应用大赛...
正在处理: MathorCup 高校数学建模挑战赛...
正在处理: “毕昇杯”全国大学生数学建模挑战赛...
正在处理: ACM-ICPC 国际大学生程序设计竞赛...
  -> 已成功生成详情页
正在处理: 全国大学生数学建模竞赛...
正在处理: 全国大学生电子设计竞赛...
正在处理: 全国大学生智能汽车竞赛...
正在处理: 中国大学生工程实践与创新能力大赛...
正在处理: 中国大学生计算机设计大赛...
正在处理: 中国高校计算机大赛...
正在处理: 全国大学生光电设计竞赛...
正在处理: 全国大学生集成电路创新创业大赛...
正在处理: 全国大学生信息安全竞赛...
正在处理: “中国软件杯”大学生软件设计大赛...
正在处理: 中美青年创客大赛...
正在处理: 睿抗机器人开发者大赛 (RAICOM)...
正在处理: “学创杯”全国大学生创业综合模拟大赛...
正在处理: 中国高校智能机器人创意大赛...
正在处理: 中国机器人及人工智能大赛...
正在处理: 全国大学生节能减排社会实践与科技竞赛...
正在处理: 全国大学生计算机系统能力大赛...
正在处理: 全国大学生物联网设计竞赛...
正在处理: 全国大学生信息安全与对抗技术竞赛...
正在处理: 全国大学生统计建模大赛...
正在处理: 全球校园人工智能算法精英大赛...
正在处理: 国际大学生智能农业装备创新大赛...
>>> 所有任务构建完成！
[main fbeed9e] auto: update 2026-01-11 18:19:02
 1 file changed, 51 insertions(+), 51 deletions(-)
remote: To git@github.com:NOBODY928/contest-pages-test.git
   a92e35b..fbeed9e  main -> main
[OK] pushed
===== 2026-01-11 18:19:06 END =====
===== 2026-01-11 18:20:01 START =====
>>> 开始构建竞赛数据与详情页...
正在处理: 中国研究生智慧城市技术与创意设计大赛...
正在处理: 中国研究生未来飞行器创新大赛...
正在处理: 中国研究生数学建模竞赛...
正在处理: 中国研究生电子设计竞赛...
正在处理: 中国研究生创“芯”大赛...
正在处理: 中国研究生人工智能创新大赛...
正在处理: 中国研究生机器人创新设计大赛...
正在处理: 中国研究生能源装备创新设计大赛...
正在处理: 中国研究生公共管理案例大赛...
正在处理: 中国研究生乡村振兴科技强农+创新大赛...
正在处理: 中国研究生网络安全创新大赛...
正在处理: 中国研究生“双碳”创新与创意大赛...
正在处理: 中国研究生金融科技创新大赛...
正在处理: 中国研究生“美丽中国”创新设计大赛...
正在处理: 中国研究生工商管理案例大赛...
正在处理: 中国研究生企业管理创新大赛...
正在处理: 中国研究生操作系统开源创新大赛...
正在处理: “挑战杯”中国大学生创业计划竞赛...
正在处理: 蓝桥杯全国软件和信息技术专业人才大赛...
正在处理: 全国大学生机器人大赛 (RoboMaster)...
正在处理: “西门子杯”中国智能制造挑战赛...
正在处理: “大唐杯”全国大学生新一代信息通信技术大赛...
正在处理: 华为 ICT 大赛...
正在处理: 全国大学生嵌入式芯片与系统设计竞赛...
正在处理: 全国大学生信息技术应用大赛...
正在处理: MathorCup 高校数学建模挑战赛...
正在处理: “毕昇杯”全国大学生数学建模挑战赛...
正在处理: ACM-ICPC 国际大学生程序设计竞赛...
  -> 已成功生成详情页
正在处理: 全国大学生数学建模竞赛...
正在处理: 全国大学生电子设计竞赛...
正在处理: 全国大学生智能汽车竞赛...
正在处理: 中国大学生工程实践与创新能力大赛...
正在处理: 中国大学生计算机设计大赛...
正在处理: 中国高校计算机大赛...
正在处理: 全国大学生光电设计竞赛...
正在处理: 全国大学生集成电路创新创业大赛...
正在处理: 全国大学生信息安全竞赛...
正在处理: “中国软件杯”大学生软件设计大赛...
正在处理: 中美青年创客大赛...
正在处理: 睿抗机器人开发者大赛 (RAICOM)...
正在处理: “学创杯”全国大学生创业综合模拟大赛...
正在处理: 中国高校智能机器人创意大赛...
正在处理: 中国机器人及人工智能大赛...
正在处理: 全国大学生节能减排社会实践与科技竞赛...
正在处理: 全国大学生计算机系统能力大赛...
正在处理: 全国大学生物联网设计竞赛...
正在处理: 全国大学生信息安全与对抗技术竞赛...
正在处理: 全国大学生统计建模大赛...
正在处理: 全球校园人工智能算法精英大赛...
正在处理: 国际大学生智能农业装备创新大赛...
>>> 所有任务构建完成！
[main c3cd735] auto: update 2026-01-11 18:20:02
 1 file changed, 51 insertions(+), 51 deletions(-)
remote: To git@github.com:NOBODY928/contest-pages-test.git
   fbeed9e..c3cd735  main -> main
[OK] pushed
===== 2026-01-11 18:20:05 END =====
===== 2026-01-11 18:21:01 START =====
>>> 开始构建竞赛数据与详情页...
正在处理: 中国研究生智慧城市技术与创意设计大赛...
正在处理: 中国研究生未来飞行器创新大赛...
正在处理: 中国研究生数学建模竞赛...
正在处理: 中国研究生电子设计竞赛...
正在处理: 中国研究生创“芯”大赛...
正在处理: 中国研究生人工智能创新大赛...
正在处理: 中国研究生机器人创新设计大赛...
正在处理: 中国研究生能源装备创新设计大赛...
正在处理: 中国研究生公共管理案例大赛...
正在处理: 中国研究生乡村振兴科技强农+创新大赛...
正在处理: 中国研究生网络安全创新大赛...
正在处理: 中国研究生“双碳”创新与创意大赛...
正在处理: 中国研究生金融科技创新大赛...
正在处理: 中国研究生“美丽中国”创新设计大赛...
正在处理: 中国研究生工商管理案例大赛...
正在处理: 中国研究生企业管理创新大赛...
正在处理: 中国研究生操作系统开源创新大赛...
正在处理: “挑战杯”中国大学生创业计划竞赛...
正在处理: 蓝桥杯全国软件和信息技术专业人才大赛...
正在处理: 全国大学生机器人大赛 (RoboMaster)...
正在处理: “西门子杯”中国智能制造挑战赛...
正在处理: “大唐杯”全国大学生新一代信息通信技术大赛...
正在处理: 华为 ICT 大赛...
正在处理: 全国大学生嵌入式芯片与系统设计竞赛...
正在处理: 全国大学生信息技术应用大赛...
正在处理: MathorCup 高校数学建模挑战赛...
正在处理: “毕昇杯”全国大学生数学建模挑战赛...
正在处理: ACM-ICPC 国际大学生程序设计竞赛...
  -> 已成功生成详情页
正在处理: 全国大学生数学建模竞赛...
正在处理: 全国大学生电子设计竞赛...
正在处理: 全国大学生智能汽车竞赛...
正在处理: 中国大学生工程实践与创新能力大赛...
正在处理: 中国大学生计算机设计大赛...
正在处理: 中国高校计算机大赛...
正在处理: 全国大学生光电设计竞赛...
正在处理: 全国大学生集成电路创新创业大赛...
正在处理: 全国大学生信息安全竞赛...
正在处理: “中国软件杯”大学生软件设计大赛...
正在处理: 中美青年创客大赛...
正在处理: 睿抗机器人开发者大赛 (RAICOM)...
正在处理: “学创杯”全国大学生创业综合模拟大赛...
正在处理: 中国高校智能机器人创意大赛...
正在处理: 中国机器人及人工智能大赛...
正在处理: 全国大学生节能减排社会实践与科技竞赛...
正在处理: 全国大学生计算机系统能力大赛...
正在处理: 全国大学生物联网设计竞赛...
正在处理: 全国大学生信息安全与对抗技术竞赛...
正在处理: 全国大学生统计建模大赛...
正在处理: 全球校园人工智能算法精英大赛...
正在处理: 国际大学生智能农业装备创新大赛...
>>> 所有任务构建完成！
[main 4d98121] auto: update 2026-01-11 18:21:02
 1 file changed, 51 insertions(+), 51 deletions(-)
remote: To git@github.com:NOBODY928/contest-pages-test.git
   c3cd735..4d98121  main -> main
[OK] pushed
===== 2026-01-11 18:21:06 END =====
===== 2026-01-11 18:22:01 START =====
>>> 开始构建竞赛数据与详情页...
正在处理: 中国研究生智慧城市技术与创意设计大赛...
正在处理: 中国研究生未来飞行器创新大赛...
正在处理: 中国研究生数学建模竞赛...
正在处理: 中国研究生电子设计竞赛...
正在处理: 中国研究生创“芯”大赛...
正在处理: 中国研究生人工智能创新大赛...
正在处理: 中国研究生机器人创新设计大赛...
正在处理: 中国研究生能源装备创新设计大赛...
正在处理: 中国研究生公共管理案例大赛...
正在处理: 中国研究生乡村振兴科技强农+创新大赛...
正在处理: 中国研究生网络安全创新大赛...
正在处理: 中国研究生“双碳”创新与创意大赛...
正在处理: 中国研究生金融科技创新大赛...
正在处理: 中国研究生“美丽中国”创新设计大赛...
正在处理: 中国研究生工商管理案例大赛...
正在处理: 中国研究生企业管理创新大赛...
正在处理: 中国研究生操作系统开源创新大赛...
正在处理: “挑战杯”中国大学生创业计划竞赛...
正在处理: 蓝桥杯全国软件和信息技术专业人才大赛...
正在处理: 全国大学生机器人大赛 (RoboMaster)...
正在处理: “西门子杯”中国智能制造挑战赛...
正在处理: “大唐杯”全国大学生新一代信息通信技术大赛...
正在处理: 华为 ICT 大赛...
正在处理: 全国大学生嵌入式芯片与系统设计竞赛...
正在处理: 全国大学生信息技术应用大赛...
正在处理: MathorCup 高校数学建模挑战赛...
正在处理: “毕昇杯”全国大学生数学建模挑战赛...
正在处理: ACM-ICPC 国际大学生程序设计竞赛...
  -> 已成功生成详情页
正在处理: 全国大学生数学建模竞赛...
正在处理: 全国大学生电子设计竞赛...
正在处理: 全国大学生智能汽车竞赛...
正在处理: 中国大学生工程实践与创新能力大赛...
正在处理: 中国大学生计算机设计大赛...
正在处理: 中国高校计算机大赛...
正在处理: 全国大学生光电设计竞赛...
正在处理: 全国大学生集成电路创新创业大赛...
正在处理: 全国大学生信息安全竞赛...
正在处理: “中国软件杯”大学生软件设计大赛...
正在处理: 中美青年创客大赛...
正在处理: 睿抗机器人开发者大赛 (RAICOM)...
正在处理: “学创杯”全国大学生创业综合模拟大赛...
正在处理: 中国高校智能机器人创意大赛...
正在处理: 中国机器人及人工智能大赛...
正在处理: 全国大学生节能减排社会实践与科技竞赛...
正在处理: 全国大学生计算机系统能力大赛...
正在处理: 全国大学生物联网设计竞赛...
正在处理: 全国大学生信息安全与对抗技术竞赛...
正在处理: 全国大学生统计建模大赛...
正在处理: 全球校园人工智能算法精英大赛...
正在处理: 国际大学生智能农业装备创新大赛...
>>> 所有任务构建完成！
[main 8f08aad] auto: update 2026-01-11 18:22:02
 1 file changed, 51 insertions(+), 51 deletions(-)
remote: To git@github.com:NOBODY928/contest-pages-test.git
   4d98121..8f08aad  main -> main
[OK] pushed
===== 2026-01-11 18:22:06 END =====
===== 2026-01-11 18:23:01 START =====
>>> 开始构建竞赛数据与详情页...
正在处理: 中国研究生智慧城市技术与创意设计大赛...
正在处理: 中国研究生未来飞行器创新大赛...
正在处理: 中国研究生数学建模竞赛...
正在处理: 中国研究生电子设计竞赛...
正在处理: 中国研究生创“芯”大赛...
正在处理: 中国研究生人工智能创新大赛...
正在处理: 中国研究生机器人创新设计大赛...
正在处理: 中国研究生能源装备创新设计大赛...
正在处理: 中国研究生公共管理案例大赛...
正在处理: 中国研究生乡村振兴科技强农+创新大赛...
正在处理: 中国研究生网络安全创新大赛...
正在处理: 中国研究生“双碳”创新与创意大赛...
正在处理: 中国研究生金融科技创新大赛...
正在处理: 中国研究生“美丽中国”创新设计大赛...
正在处理: 中国研究生工商管理案例大赛...
正在处理: 中国研究生企业管理创新大赛...
正在处理: 中国研究生操作系统开源创新大赛...
正在处理: “挑战杯”中国大学生创业计划竞赛...
正在处理: 蓝桥杯全国软件和信息技术专业人才大赛...
正在处理: 全国大学生机器人大赛 (RoboMaster)...
正在处理: “西门子杯”中国智能制造挑战赛...
正在处理: “大唐杯”全国大学生新一代信息通信技术大赛...
正在处理: 华为 ICT 大赛...
正在处理: 全国大学生嵌入式芯片与系统设计竞赛...
正在处理: 全国大学生信息技术应用大赛...
正在处理: MathorCup 高校数学建模挑战赛...
正在处理: “毕昇杯”全国大学生数学建模挑战赛...
正在处理: ACM-ICPC 国际大学生程序设计竞赛...
  -> 已成功生成详情页
正在处理: 全国大学生数学建模竞赛...
正在处理: 全国大学生电子设计竞赛...
正在处理: 全国大学生智能汽车竞赛...
正在处理: 中国大学生工程实践与创新能力大赛...
正在处理: 中国大学生计算机设计大赛...
正在处理: 中国高校计算机大赛...
正在处理: 全国大学生光电设计竞赛...
正在处理: 全国大学生集成电路创新创业大赛...
正在处理: 全国大学生信息安全竞赛...
正在处理: “中国软件杯”大学生软件设计大赛...
正在处理: 中美青年创客大赛...
正在处理: 睿抗机器人开发者大赛 (RAICOM)...
正在处理: “学创杯”全国大学生创业综合模拟大赛...
正在处理: 中国高校智能机器人创意大赛...
正在处理: 中国机器人及人工智能大赛...
正在处理: 全国大学生节能减排社会实践与科技竞赛...
正在处理: 全国大学生计算机系统能力大赛...
正在处理: 全国大学生物联网设计竞赛...
正在处理: 全国大学生信息安全与对抗技术竞赛...
正在处理: 全国大学生统计建模大赛...
正在处理: 全球校园人工智能算法精英大赛...
正在处理: 国际大学生智能农业装备创新大赛...
>>> 所有任务构建完成！
[main 5974997] auto: update 2026-01-11 18:23:17
 1 file changed, 51 insertions(+), 51 deletions(-)
remote: To git@github.com:NOBODY928/contest-pages-test.git
   8f08aad..5974997  main -> main
[OK] pushed
===== 2026-01-11 18:23:20 END =====
===== 2026-01-11 18:24:01 START =====
>>> 开始构建竞赛数据与详情页...
正在处理: 中国研究生智慧城市技术与创意设计大赛...
正在处理: 中国研究生未来飞行器创新大赛...
正在处理: 中国研究生数学建模竞赛...
正在处理: 中国研究生电子设计竞赛...
正在处理: 中国研究生创“芯”大赛...
正在处理: 中国研究生人工智能创新大赛...
正在处理: 中国研究生机器人创新设计大赛...
正在处理: 中国研究生能源装备创新设计大赛...
正在处理: 中国研究生公共管理案例大赛...
正在处理: 中国研究生乡村振兴科技强农+创新大赛...
正在处理: 中国研究生网络安全创新大赛...
正在处理: 中国研究生“双碳”创新与创意大赛...
正在处理: 中国研究生金融科技创新大赛...
正在处理: 中国研究生“美丽中国”创新设计大赛...
正在处理: 中国研究生工商管理案例大赛...
正在处理: 中国研究生企业管理创新大赛...
正在处理: 中国研究生操作系统开源创新大赛...
正在处理: “挑战杯”中国大学生创业计划竞赛...
正在处理: 蓝桥杯全国软件和信息技术专业人才大赛...
正在处理: 全国大学生机器人大赛 (RoboMaster)...
正在处理: “西门子杯”中国智能制造挑战赛...
正在处理: “大唐杯”全国大学生新一代信息通信技术大赛...
正在处理: 华为 ICT 大赛...
正在处理: 全国大学生嵌入式芯片与系统设计竞赛...
正在处理: 全国大学生信息技术应用大赛...
正在处理: MathorCup 高校数学建模挑战赛...
正在处理: “毕昇杯”全国大学生数学建模挑战赛...
正在处理: ACM-ICPC 国际大学生程序设计竞赛...
  -> 已成功生成详情页
正在处理: 全国大学生数学建模竞赛...
正在处理: 全国大学生电子设计竞赛...
正在处理: 全国大学生智能汽车竞赛...
正在处理: 中国大学生工程实践与创新能力大赛...
正在处理: 中国大学生计算机设计大赛...
正在处理: 中国高校计算机大赛...
正在处理: 全国大学生光电设计竞赛...
正在处理: 全国大学生集成电路创新创业大赛...
正在处理: 全国大学生信息安全竞赛...
正在处理: “中国软件杯”大学生软件设计大赛...
正在处理: 中美青年创客大赛...
正在处理: 睿抗机器人开发者大赛 (RAICOM)...
正在处理: “学创杯”全国大学生创业综合模拟大赛...
正在处理: 中国高校智能机器人创意大赛...
正在处理: 中国机器人及人工智能大赛...
正在处理: 全国大学生节能减排社会实践与科技竞赛...
正在处理: 全国大学生计算机系统能力大赛...
正在处理: 全国大学生物联网设计竞赛...
正在处理: 全国大学生信息安全与对抗技术竞赛...
正在处理: 全国大学生统计建模大赛...
正在处理: 全球校园人工智能算法精英大赛...
正在处理: 国际大学生智能农业装备创新大赛...
>>> 所有任务构建完成！
[main 2aa21a0] auto: update 2026-01-11 18:24:02
 1 file changed, 51 insertions(+), 51 deletions(-)
remote: To git@github.com:NOBODY928/contest-pages-test.git
   5974997..2aa21a0  main -> main
[OK] pushed
===== 2026-01-11 18:24:06 END =====
===== 2026-01-11 18:25:01 START =====
>>> 开始构建竞赛数据与详情页...
正在处理: 中国研究生智慧城市技术与创意设计大赛...
正在处理: 中国研究生未来飞行器创新大赛...
正在处理: 中国研究生数学建模竞赛...
正在处理: 中国研究生电子设计竞赛...
正在处理: 中国研究生创“芯”大赛...
正在处理: 中国研究生人工智能创新大赛...
正在处理: 中国研究生机器人创新设计大赛...
正在处理: 中国研究生能源装备创新设计大赛...
正在处理: 中国研究生公共管理案例大赛...
正在处理: 中国研究生乡村振兴科技强农+创新大赛...
正在处理: 中国研究生网络安全创新大赛...
正在处理: 中国研究生“双碳”创新与创意大赛...
正在处理: 中国研究生金融科技创新大赛...
正在处理: 中国研究生“美丽中国”创新设计大赛...
正在处理: 中国研究生工商管理案例大赛...
正在处理: 中国研究生企业管理创新大赛...
正在处理: 中国研究生操作系统开源创新大赛...
正在处理: “挑战杯”中国大学生创业计划竞赛...
正在处理: 蓝桥杯全国软件和信息技术专业人才大赛...
正在处理: 全国大学生机器人大赛 (RoboMaster)...
正在处理: “西门子杯”中国智能制造挑战赛...
正在处理: “大唐杯”全国大学生新一代信息通信技术大赛...
正在处理: 华为 ICT 大赛...
正在处理: 全国大学生嵌入式芯片与系统设计竞赛...
正在处理: 全国大学生信息技术应用大赛...
正在处理: MathorCup 高校数学建模挑战赛...
正在处理: “毕昇杯”全国大学生数学建模挑战赛...
正在处理: ACM-ICPC 国际大学生程序设计竞赛...
  -> 已成功生成详情页
正在处理: 全国大学生数学建模竞赛...
正在处理: 全国大学生电子设计竞赛...
正在处理: 全国大学生智能汽车竞赛...
正在处理: 中国大学生工程实践与创新能力大赛...
正在处理: 中国大学生计算机设计大赛...
正在处理: 中国高校计算机大赛...
正在处理: 全国大学生光电设计竞赛...
正在处理: 全国大学生集成电路创新创业大赛...
正在处理: 全国大学生信息安全竞赛...
正在处理: “中国软件杯”大学生软件设计大赛...
正在处理: 中美青年创客大赛...
正在处理: 睿抗机器人开发者大赛 (RAICOM)...
正在处理: “学创杯”全国大学生创业综合模拟大赛...
正在处理: 中国高校智能机器人创意大赛...
正在处理: 中国机器人及人工智能大赛...
正在处理: 全国大学生节能减排社会实践与科技竞赛...
正在处理: 全国大学生计算机系统能力大赛...
正在处理: 全国大学生物联网设计竞赛...
正在处理: 全国大学生信息安全与对抗技术竞赛...
正在处理: 全国大学生统计建模大赛...
正在处理: 全球校园人工智能算法精英大赛...
正在处理: 国际大学生智能农业装备创新大赛...
>>> 所有任务构建完成！
[main 71bb230] auto: update 2026-01-11 18:25:02
 1 file changed, 51 insertions(+), 51 deletions(-)
remote: To git@github.com:NOBODY928/contest-pages-test.git
   2aa21a0..71bb230  main -> main
[OK] pushed
===== 2026-01-11 18:25:06 END =====
===== 2026-01-11 18:26:01 START =====
>>> 开始构建竞赛数据与详情页...
正在处理: 中国研究生智慧城市技术与创意设计大赛...
正在处理: 中国研究生未来飞行器创新大赛...
正在处理: 中国研究生数学建模竞赛...
正在处理: 中国研究生电子设计竞赛...
正在处理: 中国研究生创“芯”大赛...
正在处理: 中国研究生人工智能创新大赛...
正在处理: 中国研究生机器人创新设计大赛...
正在处理: 中国研究生能源装备创新设计大赛...
正在处理: 中国研究生公共管理案例大赛...
正在处理: 中国研究生乡村振兴科技强农+创新大赛...
正在处理: 中国研究生网络安全创新大赛...
正在处理: 中国研究生“双碳”创新与创意大赛...
正在处理: 中国研究生金融科技创新大赛...
正在处理: 中国研究生“美丽中国”创新设计大赛...
正在处理: 中国研究生工商管理案例大赛...
正在处理: 中国研究生企业管理创新大赛...
正在处理: 中国研究生操作系统开源创新大赛...
正在处理: “挑战杯”中国大学生创业计划竞赛...
正在处理: 蓝桥杯全国软件和信息技术专业人才大赛...
正在处理: 全国大学生机器人大赛 (RoboMaster)...
正在处理: “西门子杯”中国智能制造挑战赛...
正在处理: “大唐杯”全国大学生新一代信息通信技术大赛...
正在处理: 华为 ICT 大赛...
正在处理: 全国大学生嵌入式芯片与系统设计竞赛...
正在处理: 全国大学生信息技术应用大赛...
正在处理: MathorCup 高校数学建模挑战赛...
正在处理: “毕昇杯”全国大学生数学建模挑战赛...
正在处理: ACM-ICPC 国际大学生程序设计竞赛...
  -> 已成功生成详情页
正在处理: 全国大学生数学建模竞赛...
正在处理: 全国大学生电子设计竞赛...
正在处理: 全国大学生智能汽车竞赛...
正在处理: 中国大学生工程实践与创新能力大赛...
正在处理: 中国大学生计算机设计大赛...
正在处理: 中国高校计算机大赛...
正在处理: 全国大学生光电设计竞赛...
正在处理: 全国大学生集成电路创新创业大赛...
正在处理: 全国大学生信息安全竞赛...
正在处理: “中国软件杯”大学生软件设计大赛...
正在处理: 中美青年创客大赛...
正在处理: 睿抗机器人开发者大赛 (RAICOM)...
正在处理: “学创杯”全国大学生创业综合模拟大赛...
正在处理: 中国高校智能机器人创意大赛...
正在处理: 中国机器人及人工智能大赛...
正在处理: 全国大学生节能减排社会实践与科技竞赛...
正在处理: 全国大学生计算机系统能力大赛...
正在处理: 全国大学生物联网设计竞赛...
正在处理: 全国大学生信息安全与对抗技术竞赛...
正在处理: 全国大学生统计建模大赛...
正在处理: 全球校园人工智能算法精英大赛...
正在处理: 国际大学生智能农业装备创新大赛...
>>> 所有任务构建完成！
[main ffb0fe7] auto: update 2026-01-11 18:26:01
 1 file changed, 51 insertions(+), 51 deletions(-)
remote: To git@github.com:NOBODY928/contest-pages-test.git
   71bb230..ffb0fe7  main -> main
[OK] pushed
===== 2026-01-11 18:26:05 END =====
===== 2026-01-11 18:27:01 START =====
>>> 开始构建竞赛数据与详情页...
正在处理: 中国研究生智慧城市技术与创意设计大赛...
正在处理: 中国研究生未来飞行器创新大赛...
正在处理: 中国研究生数学建模竞赛...
正在处理: 中国研究生电子设计竞赛...
正在处理: 中国研究生创“芯”大赛...
正在处理: 中国研究生人工智能创新大赛...
正在处理: 中国研究生机器人创新设计大赛...
正在处理: 中国研究生能源装备创新设计大赛...
正在处理: 中国研究生公共管理案例大赛...
正在处理: 中国研究生乡村振兴科技强农+创新大赛...
正在处理: 中国研究生网络安全创新大赛...
正在处理: 中国研究生“双碳”创新与创意大赛...
正在处理: 中国研究生金融科技创新大赛...
正在处理: 中国研究生“美丽中国”创新设计大赛...
正在处理: 中国研究生工商管理案例大赛...
正在处理: 中国研究生企业管理创新大赛...
正在处理: 中国研究生操作系统开源创新大赛...
正在处理: “挑战杯”中国大学生创业计划竞赛...
正在处理: 蓝桥杯全国软件和信息技术专业人才大赛...
正在处理: 全国大学生机器人大赛 (RoboMaster)...
正在处理: “西门子杯”中国智能制造挑战赛...
正在处理: “大唐杯”全国大学生新一代信息通信技术大赛...
正在处理: 华为 ICT 大赛...
正在处理: 全国大学生嵌入式芯片与系统设计竞赛...
正在处理: 全国大学生信息技术应用大赛...
正在处理: MathorCup 高校数学建模挑战赛...
正在处理: “毕昇杯”全国大学生数学建模挑战赛...
正在处理: ACM-ICPC 国际大学生程序设计竞赛...
  -> 已成功生成详情页
正在处理: 全国大学生数学建模竞赛...
正在处理: 全国大学生电子设计竞赛...
正在处理: 全国大学生智能汽车竞赛...
正在处理: 中国大学生工程实践与创新能力大赛...
正在处理: 中国大学生计算机设计大赛...
正在处理: 中国高校计算机大赛...
正在处理: 全国大学生光电设计竞赛...
正在处理: 全国大学生集成电路创新创业大赛...
正在处理: 全国大学生信息安全竞赛...
正在处理: “中国软件杯”大学生软件设计大赛...
正在处理: 中美青年创客大赛...
正在处理: 睿抗机器人开发者大赛 (RAICOM)...
正在处理: “学创杯”全国大学生创业综合模拟大赛...
正在处理: 中国高校智能机器人创意大赛...
正在处理: 中国机器人及人工智能大赛...
正在处理: 全国大学生节能减排社会实践与科技竞赛...
正在处理: 全国大学生计算机系统能力大赛...
正在处理: 全国大学生物联网设计竞赛...
正在处理: 全国大学生信息安全与对抗技术竞赛...
正在处理: 全国大学生统计建模大赛...
正在处理: 全球校园人工智能算法精英大赛...
正在处理: 国际大学生智能农业装备创新大赛...
>>> 所有任务构建完成！
[main 76badb8] auto: update 2026-01-11 18:27:02
 1 file changed, 51 insertions(+), 51 deletions(-)
remote: To git@github.com:NOBODY928/contest-pages-test.git
   ffb0fe7..76badb8  main -> main
[OK] pushed
===== 2026-01-11 18:27:06 END =====
